<?xml version="1.0" encoding="UTF-8"?>
<!-- Generated by org.testng.reporters.JUnitReportReporter -->
<testsuite hostname="DESKTOP-8923KN6" failures="0" tests="1" name="myTest" time="20.454" errors="0" timestamp="2023-05-09T20:07:50 AST" skipped="0">
  <testcase classname="myTest" name="test_again" time="20.454"/>
  <system-out/>
</testsuite> <!-- myTest -->
